2025-01-29 16:41:26,920 [Worker-6: Loading available Gradle versions] INFO  o.e.b.c.i.u.g.PublishedGradleVersions - Gradle version information cache is up-to-date. Trying to read.
2025-01-29 16:43:05,668 [Worker-5: Loading available Gradle versions] INFO  o.e.b.c.i.u.g.PublishedGradleVersions - Gradle version information cache is up-to-date. Trying to read.
2025-01-29 16:47:08,946 [Worker-4: Loading available Gradle versions] INFO  o.e.b.c.i.u.g.PublishedGradleVersions - Gradle version information cache is up-to-date. Trying to read.
2025-01-31 09:39:48,687 [Worker-2: Loading available Gradle versions] INFO  o.e.b.c.i.u.g.PublishedGradleVersions - Gradle version information cache is up-to-date. Trying to read.
2025-01-31 14:50:53,736 [Worker-1: Loading available Gradle versions] INFO  o.e.b.c.i.u.g.PublishedGradleVersions - Gradle version information cache is out-of-date. Trying to update.
2025-01-31 14:51:32,491 [Worker-1: Importing Maven projects] INFO  o.e.m.c.i.l.LifecycleMappingFactory - Using org.eclipse.m2e.jdt.JarLifecycleMapping lifecycle mapping for MavenProject: com.springBoot:SpringBoot:0.0.1-SNAPSHOT @ D:\ShrikantGitHub\ShrikantLocalRepo\SpringBoot\pom.xml.
2025-01-31 14:51:33,215 [Worker-1: Importing Maven projects] INFO  o.e.m.j.i.AbstractJavaProjectConfigurator - Adding source folder /SpringBoot/src/main/java
2025-01-31 14:51:33,215 [Worker-1: Importing Maven projects] INFO  o.e.m.j.i.AbstractJavaProjectConfigurator - Adding resource folder /SpringBoot/src/main/resources
2025-01-31 14:51:33,216 [Worker-1: Importing Maven projects] INFO  o.e.m.j.i.AbstractJavaProjectConfigurator - Adding resource folder /SpringBoot/src/main/resources
2025-01-31 14:51:33,216 [Worker-1: Importing Maven projects] INFO  o.e.m.j.i.AbstractJavaProjectConfigurator - Adding source folder /SpringBoot/src/test/java
2025-01-31 14:51:33,453 [Worker-1: Importing Maven projects] INFO  o.e.m.c.i.p.ProjectConfigurationManager - Imported and configured 1 project(s) in 2 sec
2025-01-31 14:51:34,473 [Worker-7: Building] INFO  o.a.m.s.f.DefaultMavenResourcesFiltering - Copying 1 resource from src\main\resources to target\classes
2025-01-31 14:51:34,490 [Worker-7: Building] INFO  o.a.m.s.f.DefaultMavenResourcesFiltering - Copying 0 resource from src\main\resources to target\classes
2025-01-31 14:51:34,495 [Worker-7: Building] INFO  o.a.m.s.f.DefaultMavenResourcesFiltering - skip non existing resourceDirectory D:\ShrikantGitHub\ShrikantLocalRepo\SpringBoot\src\test\resources
2025-01-31 14:53:14,798 [Worker-0: Launching mavenrun-f1e1040b-8b03-4682-b348-6b7bf594c5d1] INFO  o.eclipse.m2e.core.internal.Bundles - getClasspathEntries(Bundle=org.eclipse.m2e.maven.runtime_3.8.701.20230209-1606 [346])
2025-01-31 14:53:14,804 [Worker-0: Launching mavenrun-f1e1040b-8b03-4682-b348-6b7bf594c5d1] INFO  o.eclipse.m2e.core.internal.Bundles - 	Entry: D:\sts-4.18.1.RELEASE\plugins\org.eclipse.m2e.maven.runtime_3.8.701.20230209-1606
2025-01-31 14:53:14,804 [Worker-0: Launching mavenrun-f1e1040b-8b03-4682-b348-6b7bf594c5d1] INFO  o.eclipse.m2e.core.internal.Bundles - 	Entry: D:\sts-4.18.1.RELEASE\plugins\org.eclipse.m2e.maven.runtime_3.8.701.20230209-1606\jars\aether-connector-okhttp-0.17.8.jar
2025-01-31 14:53:14,804 [Worker-0: Launching mavenrun-f1e1040b-8b03-4682-b348-6b7bf594c5d1] INFO  o.eclipse.m2e.core.internal.Bundles - 	Entry: D:\sts-4.18.1.RELEASE\plugins\org.eclipse.m2e.maven.runtime_3.8.701.20230209-1606\jars\commons-lang3-3.8.1.jar
2025-01-31 14:53:14,804 [Worker-0: Launching mavenrun-f1e1040b-8b03-4682-b348-6b7bf594c5d1] INFO  o.eclipse.m2e.core.internal.Bundles - 	Entry: D:\sts-4.18.1.RELEASE\plugins\org.eclipse.m2e.maven.runtime_3.8.701.20230209-1606\jars\guice-4.2.2-no_aop.jar
2025-01-31 14:53:14,804 [Worker-0: Launching mavenrun-f1e1040b-8b03-4682-b348-6b7bf594c5d1] INFO  o.eclipse.m2e.core.internal.Bundles - 	Entry: D:\sts-4.18.1.RELEASE\plugins\org.eclipse.m2e.maven.runtime_3.8.701.20230209-1606\jars\jansi-2.4.0.jar
2025-01-31 14:53:14,804 [Worker-0: Launching mavenrun-f1e1040b-8b03-4682-b348-6b7bf594c5d1] INFO  o.eclipse.m2e.core.internal.Bundles - 	Entry: D:\sts-4.18.1.RELEASE\plugins\org.eclipse.m2e.maven.runtime_3.8.701.20230209-1606\jars\maven-artifact-3.8.7.jar
2025-01-31 14:53:14,804 [Worker-0: Launching mavenrun-f1e1040b-8b03-4682-b348-6b7bf594c5d1] INFO  o.eclipse.m2e.core.internal.Bundles - 	Entry: D:\sts-4.18.1.RELEASE\plugins\org.eclipse.m2e.maven.runtime_3.8.701.20230209-1606\jars\maven-builder-support-3.8.7.jar
2025-01-31 14:53:14,804 [Worker-0: Launching mavenrun-f1e1040b-8b03-4682-b348-6b7bf594c5d1] INFO  o.eclipse.m2e.core.internal.Bundles - 	Entry: D:\sts-4.18.1.RELEASE\plugins\org.eclipse.m2e.maven.runtime_3.8.701.20230209-1606\jars\maven-compat-3.8.7.jar
2025-01-31 14:53:14,804 [Worker-0: Launching mavenrun-f1e1040b-8b03-4682-b348-6b7bf594c5d1] INFO  o.eclipse.m2e.core.internal.Bundles - 	Entry: D:\sts-4.18.1.RELEASE\plugins\org.eclipse.m2e.maven.runtime_3.8.701.20230209-1606\jars\maven-core-3.8.7.jar
2025-01-31 14:53:14,804 [Worker-0: Launching mavenrun-f1e1040b-8b03-4682-b348-6b7bf594c5d1] INFO  o.eclipse.m2e.core.internal.Bundles - 	Entry: D:\sts-4.18.1.RELEASE\plugins\org.eclipse.m2e.maven.runtime_3.8.701.20230209-1606\jars\maven-embedder-3.8.7.jar
2025-01-31 14:53:14,804 [Worker-0: Launching mavenrun-f1e1040b-8b03-4682-b348-6b7bf594c5d1] INFO  o.eclipse.m2e.core.internal.Bundles - 	Entry: D:\sts-4.18.1.RELEASE\plugins\org.eclipse.m2e.maven.runtime_3.8.701.20230209-1606\jars\maven-model-3.8.7.jar
2025-01-31 14:53:14,804 [Worker-0: Launching mavenrun-f1e1040b-8b03-4682-b348-6b7bf594c5d1] INFO  o.eclipse.m2e.core.internal.Bundles - 	Entry: D:\sts-4.18.1.RELEASE\plugins\org.eclipse.m2e.maven.runtime_3.8.701.20230209-1606\jars\maven-model-builder-3.8.7.jar
2025-01-31 14:53:14,804 [Worker-0: Launching mavenrun-f1e1040b-8b03-4682-b348-6b7bf594c5d1] INFO  o.eclipse.m2e.core.internal.Bundles - 	Entry: D:\sts-4.18.1.RELEASE\plugins\org.eclipse.m2e.maven.runtime_3.8.701.20230209-1606\jars\maven-plugin-api-3.8.7.jar
2025-01-31 14:53:14,805 [Worker-0: Launching mavenrun-f1e1040b-8b03-4682-b348-6b7bf594c5d1] INFO  o.eclipse.m2e.core.internal.Bundles - 	Entry: D:\sts-4.18.1.RELEASE\plugins\org.eclipse.m2e.maven.runtime_3.8.701.20230209-1606\jars\maven-repository-metadata-3.8.7.jar
2025-01-31 14:53:14,806 [Worker-0: Launching mavenrun-f1e1040b-8b03-4682-b348-6b7bf594c5d1] INFO  o.eclipse.m2e.core.internal.Bundles - 	Entry: D:\sts-4.18.1.RELEASE\plugins\org.eclipse.m2e.maven.runtime_3.8.701.20230209-1606\jars\maven-resolver-api-1.6.3.jar
2025-01-31 14:53:14,806 [Worker-0: Launching mavenrun-f1e1040b-8b03-4682-b348-6b7bf594c5d1] INFO  o.eclipse.m2e.core.internal.Bundles - 	Entry: D:\sts-4.18.1.RELEASE\plugins\org.eclipse.m2e.maven.runtime_3.8.701.20230209-1606\jars\maven-resolver-connector-basic-1.6.3.jar
2025-01-31 14:53:14,806 [Worker-0: Launching mavenrun-f1e1040b-8b03-4682-b348-6b7bf594c5d1] INFO  o.eclipse.m2e.core.internal.Bundles - 	Entry: D:\sts-4.18.1.RELEASE\plugins\org.eclipse.m2e.maven.runtime_3.8.701.20230209-1606\jars\maven-resolver-impl-1.6.3.jar
2025-01-31 14:53:14,806 [Worker-0: Launching mavenrun-f1e1040b-8b03-4682-b348-6b7bf594c5d1] INFO  o.eclipse.m2e.core.internal.Bundles - 	Entry: D:\sts-4.18.1.RELEASE\plugins\org.eclipse.m2e.maven.runtime_3.8.701.20230209-1606\jars\maven-resolver-provider-3.8.7.jar
2025-01-31 14:53:14,806 [Worker-0: Launching mavenrun-f1e1040b-8b03-4682-b348-6b7bf594c5d1] INFO  o.eclipse.m2e.core.internal.Bundles - 	Entry: D:\sts-4.18.1.RELEASE\plugins\org.eclipse.m2e.maven.runtime_3.8.701.20230209-1606\jars\maven-resolver-spi-1.6.3.jar
2025-01-31 14:53:14,806 [Worker-0: Launching mavenrun-f1e1040b-8b03-4682-b348-6b7bf594c5d1] INFO  o.eclipse.m2e.core.internal.Bundles - 	Entry: D:\sts-4.18.1.RELEASE\plugins\org.eclipse.m2e.maven.runtime_3.8.701.20230209-1606\jars\maven-resolver-transport-wagon-1.6.3.jar
2025-01-31 14:53:14,806 [Worker-0: Launching mavenrun-f1e1040b-8b03-4682-b348-6b7bf594c5d1] INFO  o.eclipse.m2e.core.internal.Bundles - 	Entry: D:\sts-4.18.1.RELEASE\plugins\org.eclipse.m2e.maven.runtime_3.8.701.20230209-1606\jars\maven-resolver-util-1.6.3.jar
2025-01-31 14:53:14,806 [Worker-0: Launching mavenrun-f1e1040b-8b03-4682-b348-6b7bf594c5d1] INFO  o.eclipse.m2e.core.internal.Bundles - 	Entry: D:\sts-4.18.1.RELEASE\plugins\org.eclipse.m2e.maven.runtime_3.8.701.20230209-1606\jars\maven-settings-3.8.7.jar
2025-01-31 14:53:14,807 [Worker-0: Launching mavenrun-f1e1040b-8b03-4682-b348-6b7bf594c5d1] INFO  o.eclipse.m2e.core.internal.Bundles - 	Entry: D:\sts-4.18.1.RELEASE\plugins\org.eclipse.m2e.maven.runtime_3.8.701.20230209-1606\jars\maven-settings-builder-3.8.7.jar
2025-01-31 14:53:14,807 [Worker-0: Launching mavenrun-f1e1040b-8b03-4682-b348-6b7bf594c5d1] INFO  o.eclipse.m2e.core.internal.Bundles - 	Entry: D:\sts-4.18.1.RELEASE\plugins\org.eclipse.m2e.maven.runtime_3.8.701.20230209-1606\jars\maven-shared-utils-3.3.4.jar
2025-01-31 14:53:14,807 [Worker-0: Launching mavenrun-f1e1040b-8b03-4682-b348-6b7bf594c5d1] INFO  o.eclipse.m2e.core.internal.Bundles - 	Entry: D:\sts-4.18.1.RELEASE\plugins\org.eclipse.m2e.maven.runtime_3.8.701.20230209-1606\jars\okhttp-3.14.1.jar
2025-01-31 14:53:14,807 [Worker-0: Launching mavenrun-f1e1040b-8b03-4682-b348-6b7bf594c5d1] INFO  o.eclipse.m2e.core.internal.Bundles - 	Entry: D:\sts-4.18.1.RELEASE\plugins\org.eclipse.m2e.maven.runtime_3.8.701.20230209-1606\jars\okio-1.17.3.jar
2025-01-31 14:53:14,807 [Worker-0: Launching mavenrun-f1e1040b-8b03-4682-b348-6b7bf594c5d1] INFO  o.eclipse.m2e.core.internal.Bundles - 	Entry: D:\sts-4.18.1.RELEASE\plugins\org.eclipse.m2e.maven.runtime_3.8.701.20230209-1606\jars\org.eclipse.sisu.inject-0.3.5.jar
2025-01-31 14:53:14,807 [Worker-0: Launching mavenrun-f1e1040b-8b03-4682-b348-6b7bf594c5d1] INFO  o.eclipse.m2e.core.internal.Bundles - 	Entry: D:\sts-4.18.1.RELEASE\plugins\org.eclipse.m2e.maven.runtime_3.8.701.20230209-1606\jars\org.eclipse.sisu.plexus-0.3.5.jar
2025-01-31 14:53:14,807 [Worker-0: Launching mavenrun-f1e1040b-8b03-4682-b348-6b7bf594c5d1] INFO  o.eclipse.m2e.core.internal.Bundles - 	Entry: D:\sts-4.18.1.RELEASE\plugins\org.eclipse.m2e.maven.runtime_3.8.701.20230209-1606\jars\plexus-build-api-0.0.7.jar
2025-01-31 14:53:14,807 [Worker-0: Launching mavenrun-f1e1040b-8b03-4682-b348-6b7bf594c5d1] INFO  o.eclipse.m2e.core.internal.Bundles - 	Entry: D:\sts-4.18.1.RELEASE\plugins\org.eclipse.m2e.maven.runtime_3.8.701.20230209-1606\jars\plexus-cipher-2.0.jar
2025-01-31 14:53:14,807 [Worker-0: Launching mavenrun-f1e1040b-8b03-4682-b348-6b7bf594c5d1] INFO  o.eclipse.m2e.core.internal.Bundles - 	Entry: D:\sts-4.18.1.RELEASE\plugins\org.eclipse.m2e.maven.runtime_3.8.701.20230209-1606\jars\plexus-classworlds-2.6.0.jar
2025-01-31 14:53:14,807 [Worker-0: Launching mavenrun-f1e1040b-8b03-4682-b348-6b7bf594c5d1] INFO  o.eclipse.m2e.core.internal.Bundles - 	Entry: D:\sts-4.18.1.RELEASE\plugins\org.eclipse.m2e.maven.runtime_3.8.701.20230209-1606\jars\plexus-component-annotations-2.1.0.jar
2025-01-31 14:53:14,808 [Worker-0: Launching mavenrun-f1e1040b-8b03-4682-b348-6b7bf594c5d1] INFO  o.eclipse.m2e.core.internal.Bundles - 	Entry: D:\sts-4.18.1.RELEASE\plugins\org.eclipse.m2e.maven.runtime_3.8.701.20230209-1606\jars\plexus-interpolation-1.26.jar
2025-01-31 14:53:14,808 [Worker-0: Launching mavenrun-f1e1040b-8b03-4682-b348-6b7bf594c5d1] INFO  o.eclipse.m2e.core.internal.Bundles - 	Entry: D:\sts-4.18.1.RELEASE\plugins\org.eclipse.m2e.maven.runtime_3.8.701.20230209-1606\jars\plexus-sec-dispatcher-2.0.jar
2025-01-31 14:53:14,808 [Worker-0: Launching mavenrun-f1e1040b-8b03-4682-b348-6b7bf594c5d1] INFO  o.eclipse.m2e.core.internal.Bundles - 	Entry: D:\sts-4.18.1.RELEASE\plugins\org.eclipse.m2e.maven.runtime_3.8.701.20230209-1606\jars\plexus-utils-3.3.1.jar
2025-01-31 14:53:14,808 [Worker-0: Launching mavenrun-f1e1040b-8b03-4682-b348-6b7bf594c5d1] INFO  o.eclipse.m2e.core.internal.Bundles - 	Entry: D:\sts-4.18.1.RELEASE\plugins\org.eclipse.m2e.maven.runtime_3.8.701.20230209-1606\jars\wagon-file-3.5.3.jar
2025-01-31 14:53:14,808 [Worker-0: Launching mavenrun-f1e1040b-8b03-4682-b348-6b7bf594c5d1] INFO  o.eclipse.m2e.core.internal.Bundles - 	Entry: D:\sts-4.18.1.RELEASE\plugins\org.eclipse.m2e.maven.runtime_3.8.701.20230209-1606\jars\wagon-provider-api-3.5.3.jar
2025-01-31 14:53:14,812 [Worker-0: Launching mavenrun-f1e1040b-8b03-4682-b348-6b7bf594c5d1] INFO  o.eclipse.m2e.core.internal.Bundles - getClasspathEntries(Bundle=com.google.guava_31.1.0.jre [23])
2025-01-31 14:53:14,813 [Worker-0: Launching mavenrun-f1e1040b-8b03-4682-b348-6b7bf594c5d1] INFO  o.eclipse.m2e.core.internal.Bundles - 	Entry: D:\sts-4.18.1.RELEASE\plugins\com.google.guava_31.1.0.jre.jar
2025-01-31 14:53:14,813 [Worker-0: Launching mavenrun-f1e1040b-8b03-4682-b348-6b7bf594c5d1] INFO  o.eclipse.m2e.core.internal.Bundles - getClasspathEntries(Bundle=slf4j.api_1.7.36 [580])
2025-01-31 14:53:14,813 [Worker-0: Launching mavenrun-f1e1040b-8b03-4682-b348-6b7bf594c5d1] INFO  o.eclipse.m2e.core.internal.Bundles - 	Entry: D:\sts-4.18.1.RELEASE\plugins\slf4j.api_1.7.36.jar
2025-01-31 14:53:14,813 [Worker-0: Launching mavenrun-f1e1040b-8b03-4682-b348-6b7bf594c5d1] INFO  o.eclipse.m2e.core.internal.Bundles - getClasspathEntries(Bundle=javax.inject_1.0.0.v20220405-0441 [50])
2025-01-31 14:53:14,815 [Worker-0: Launching mavenrun-f1e1040b-8b03-4682-b348-6b7bf594c5d1] INFO  o.eclipse.m2e.core.internal.Bundles - 	Entry: D:\sts-4.18.1.RELEASE\plugins\javax.inject_1.0.0.v20220405-0441.jar
2025-01-31 14:53:14,815 [Worker-0: Launching mavenrun-f1e1040b-8b03-4682-b348-6b7bf594c5d1] INFO  o.eclipse.m2e.core.internal.Bundles - getClasspathEntries(Bundle=javax.annotation_1.3.5.v20221203-1659 [48])
2025-01-31 14:53:14,815 [Worker-0: Launching mavenrun-f1e1040b-8b03-4682-b348-6b7bf594c5d1] INFO  o.eclipse.m2e.core.internal.Bundles - 	Entry: D:\sts-4.18.1.RELEASE\plugins\javax.annotation_1.3.5.v20221203-1659.jar
2025-01-31 14:53:14,815 [Worker-0: Launching mavenrun-f1e1040b-8b03-4682-b348-6b7bf594c5d1] INFO  o.eclipse.m2e.core.internal.Bundles - getClasspathEntries(Bundle=org.apache.commons.cli_1.4.0.v20221112-0806 [73])
2025-01-31 14:53:14,816 [Worker-0: Launching mavenrun-f1e1040b-8b03-4682-b348-6b7bf594c5d1] INFO  o.eclipse.m2e.core.internal.Bundles - 	Entry: D:\sts-4.18.1.RELEASE\plugins\org.apache.commons.cli_1.4.0.v20221112-0806.jar
2025-01-31 14:53:14,816 [Worker-0: Launching mavenrun-f1e1040b-8b03-4682-b348-6b7bf594c5d1] INFO  o.eclipse.m2e.core.internal.Bundles - getClasspathEntries(Bundle=com.google.guava.failureaccess_1.0.1 [25])
2025-01-31 14:53:14,817 [Worker-0: Launching mavenrun-f1e1040b-8b03-4682-b348-6b7bf594c5d1] INFO  o.eclipse.m2e.core.internal.Bundles - 	Entry: D:\sts-4.18.1.RELEASE\plugins\com.google.guava.failureaccess_1.0.1.jar
2025-01-31 14:53:14,828 [Worker-0: Launching mavenrun-f1e1040b-8b03-4682-b348-6b7bf594c5d1] INFO  o.e.m.i.launch.MavenLaunchDelegate - Run build in "C:\Users\SHRIKA~1.MOS\AppData\Local\Temp\m2e-archetypeGenerator15485288700241820119":
2025-01-31 14:53:14,833 [Worker-0: Launching mavenrun-f1e1040b-8b03-4682-b348-6b7bf594c5d1] INFO  o.e.m.i.launch.MavenLaunchDelegate -  mvn  -DarchetypeGroupId=org.apache.maven.archetypes -DarchetypeArtifactId=maven-archetype-quickstart -DarchetypeVersion=1.1 -DgroupId=com.spring -DartifactId=Spring -Dversion=0.0.1-SNAPSHOT -Dpackage=com.spring.Spring -DoutputDirectory=D:\ShrikantGitHub -Dstyle.color=always -U archetype:generate
2025-01-31 14:53:38,353 [Worker-3: Creating maven-archetype-quickstart] INFO  o.e.m.c.i.p.ProjectConfigurationManager - Collecting project info '/pom.xml' D:\ShrikantGitHub\Spring\pom.xml
2025-01-31 14:53:39,516 [Worker-3: Creating maven-archetype-quickstart] INFO  o.e.m.c.i.l.LifecycleMappingFactory - Using org.eclipse.m2e.jdt.JarLifecycleMapping lifecycle mapping for MavenProject: com.spring:Spring:0.0.1-SNAPSHOT @ D:\ShrikantGitHub\Spring\pom.xml.
2025-01-31 14:53:39,853 [Worker-3: Creating maven-archetype-quickstart] INFO  o.e.m.j.i.AbstractJavaProjectConfigurator - Adding source folder /Spring/src/main/java
2025-01-31 14:53:39,856 [Worker-3: Creating maven-archetype-quickstart] INFO  o.e.m.j.i.AbstractJavaProjectConfigurator - Adding source folder /Spring/src/test/java
2025-01-31 14:53:39,907 [Worker-3: Creating maven-archetype-quickstart] INFO  o.e.m.c.i.p.ProjectConfigurationManager - Imported and configured 1 project(s) in 1 sec
2025-01-31 14:53:40,093 [Worker-1: Building] INFO  o.e.m.c.i.embedder.EclipseLogger - Using 'UTF-8' encoding to copy filtered resources.
2025-01-31 14:53:40,094 [Worker-1: Building] INFO  o.e.m.c.i.embedder.EclipseLogger - skip non existing resourceDirectory D:\ShrikantGitHub\Spring\src\main\resources
2025-01-31 14:53:40,096 [Worker-1: Building] INFO  o.e.m.c.i.embedder.EclipseLogger - Using 'UTF-8' encoding to copy filtered resources.
2025-01-31 14:53:40,096 [Worker-1: Building] INFO  o.e.m.c.i.embedder.EclipseLogger - skip non existing resourceDirectory D:\ShrikantGitHub\Spring\src\test\resources
2025-01-31 14:58:45,087 [Worker-8: Launching mavenrun-e7fb92f1-58e1-48f0-acd5-56e97a25cf63] INFO  o.e.m.i.launch.MavenLaunchDelegate - Run build in "C:\Users\SHRIKA~1.MOS\AppData\Local\Temp\m2e-archetypeGenerator8157767855401392067":
2025-01-31 14:58:45,088 [Worker-8: Launching mavenrun-e7fb92f1-58e1-48f0-acd5-56e97a25cf63] INFO  o.e.m.i.launch.MavenLaunchDelegate -  mvn  -DarchetypeGroupId=org.apache.maven.archetypes -DarchetypeArtifactId=maven-archetype-quickstart -DarchetypeVersion=1.1 -DgroupId=com.spring -DartifactId=Spring -Dversion=0.0.1-SNAPSHOT -Dpackage=com.spring.Spring -DoutputDirectory=D:\ShrikantGitHub -Dstyle.color=always -U archetype:generate
2025-01-31 14:58:55,239 [Worker-11: Creating maven-archetype-quickstart] INFO  o.e.m.c.i.p.ProjectConfigurationManager - Collecting project info '/pom.xml' D:\ShrikantGitHub\Spring\pom.xml
2025-01-31 14:58:55,383 [Worker-11: Creating maven-archetype-quickstart] INFO  o.e.m.c.i.l.LifecycleMappingFactory - Using org.eclipse.m2e.jdt.JarLifecycleMapping lifecycle mapping for MavenProject: com.spring:Spring:0.0.1-SNAPSHOT @ D:\ShrikantGitHub\Spring\pom.xml.
2025-01-31 14:58:55,516 [Worker-11: Creating maven-archetype-quickstart] INFO  o.e.m.j.i.AbstractJavaProjectConfigurator - Adding source folder /Spring/src/main/java
2025-01-31 14:58:55,518 [Worker-11: Creating maven-archetype-quickstart] INFO  o.e.m.j.i.AbstractJavaProjectConfigurator - Adding source folder /Spring/src/test/java
2025-01-31 14:58:55,543 [Worker-11: Creating maven-archetype-quickstart] INFO  o.e.m.c.i.p.ProjectConfigurationManager - Imported and configured 1 project(s) in 0 sec
2025-01-31 14:58:55,727 [Worker-8: Building] INFO  o.e.m.c.i.embedder.EclipseLogger - Using 'UTF-8' encoding to copy filtered resources.
2025-01-31 14:58:55,727 [Worker-8: Building] INFO  o.e.m.c.i.embedder.EclipseLogger - skip non existing resourceDirectory D:\ShrikantGitHub\Spring\src\main\resources
2025-01-31 14:58:55,729 [Worker-8: Building] INFO  o.e.m.c.i.embedder.EclipseLogger - Using 'UTF-8' encoding to copy filtered resources.
2025-01-31 14:58:55,729 [Worker-8: Building] INFO  o.e.m.c.i.embedder.EclipseLogger - skip non existing resourceDirectory D:\ShrikantGitHub\Spring\src\test\resources
2025-01-31 15:00:05,156 [Worker-16: Building] INFO  o.e.m.c.i.l.LifecycleMappingFactory - Using org.eclipse.m2e.jdt.JarLifecycleMapping lifecycle mapping for MavenProject: com.springBoot:SpringBoot:0.0.1-SNAPSHOT @ D:\ShrikantGitHub\ShrikantLocalRepo\SpringBoot\pom.xml.
2025-01-31 15:00:05,319 [Worker-16: Building] INFO  o.a.m.s.f.DefaultMavenResourcesFiltering - Copying 1 resource from src\main\resources to target\classes
2025-01-31 15:00:05,320 [Worker-16: Building] INFO  o.a.m.s.f.DefaultMavenResourcesFiltering - Copying 0 resource from src\main\resources to target\classes
2025-01-31 15:00:05,322 [Worker-16: Building] INFO  o.a.m.s.f.DefaultMavenResourcesFiltering - skip non existing resourceDirectory D:\ShrikantGitHub\ShrikantLocalRepo\SpringBoot\src\test\resources
2025-01-31 15:01:18,377 [Worker-19: Import Getting Started Content] INFO  o.e.m.c.i.l.LifecycleMappingFactory - Using org.eclipse.m2e.jdt.JarLifecycleMapping lifecycle mapping for MavenProject: com.springBoot:SpringBoot:0.0.1-SNAPSHOT @ D:\ShrikantGitHub\SpringBoot\pom.xml.
2025-01-31 15:01:18,711 [Worker-19: Import Getting Started Content] INFO  o.e.m.j.i.AbstractJavaProjectConfigurator - Adding source folder /SpringBoot/src/main/java
2025-01-31 15:01:18,711 [Worker-19: Import Getting Started Content] INFO  o.e.m.j.i.AbstractJavaProjectConfigurator - Adding resource folder /SpringBoot/src/main/resources
2025-01-31 15:01:18,714 [Worker-19: Import Getting Started Content] INFO  o.e.m.j.i.AbstractJavaProjectConfigurator - Adding resource folder /SpringBoot/src/main/resources
2025-01-31 15:01:18,715 [Worker-19: Import Getting Started Content] INFO  o.e.m.j.i.AbstractJavaProjectConfigurator - Adding source folder /SpringBoot/src/test/java
2025-01-31 15:01:18,822 [Worker-19: Import Getting Started Content] INFO  o.e.m.c.i.p.ProjectConfigurationManager - Imported and configured 1 project(s) in 0 sec
2025-01-31 15:01:18,824 [Worker-19: Import Getting Started Content] INFO  o.e.m.c.i.p.ProjectConfigurationManager - Update started
2025-01-31 15:01:18,981 [Worker-19: Import Getting Started Content] INFO  o.e.m.c.i.l.LifecycleMappingFactory - Using org.eclipse.m2e.jdt.JarLifecycleMapping lifecycle mapping for MavenProject: com.springBoot:SpringBoot:0.0.1-SNAPSHOT @ D:\ShrikantGitHub\SpringBoot\pom.xml.
2025-01-31 15:01:19,175 [Worker-19: Import Getting Started Content] INFO  o.e.m.j.i.AbstractJavaProjectConfigurator - Adding source folder /SpringBoot/src/main/java
2025-01-31 15:01:19,176 [Worker-19: Import Getting Started Content] INFO  o.e.m.j.i.AbstractJavaProjectConfigurator - Adding resource folder /SpringBoot/src/main/resources
2025-01-31 15:01:19,176 [Worker-19: Import Getting Started Content] INFO  o.e.m.j.i.AbstractJavaProjectConfigurator - Adding resource folder /SpringBoot/src/main/resources
2025-01-31 15:01:19,176 [Worker-19: Import Getting Started Content] INFO  o.e.m.j.i.AbstractJavaProjectConfigurator - Adding source folder /SpringBoot/src/test/java
2025-01-31 15:01:19,326 [Worker-19: Import Getting Started Content] INFO  o.e.m.c.i.p.ProjectConfigurationManager - Update completed for 1 poms: local refresh takes 0.00 sec, refresh facades takes 0.00 sec, update config takes 0.00 sec 
2025-01-31 15:01:19,609 [Worker-20: Building] INFO  o.a.m.s.f.DefaultMavenResourcesFiltering - Copying 1 resource from src\main\resources to target\classes
2025-01-31 15:01:19,617 [Worker-20: Building] INFO  o.a.m.s.f.DefaultMavenResourcesFiltering - Copying 0 resource from src\main\resources to target\classes
2025-01-31 15:01:19,620 [Worker-20: Building] INFO  o.a.m.s.f.DefaultMavenResourcesFiltering - skip non existing resourceDirectory D:\ShrikantGitHub\SpringBoot\src\test\resources
2025-01-31 15:02:26,902 [Worker-18: Importing Maven projects] INFO  o.e.m.c.i.l.LifecycleMappingFactory - Using org.eclipse.m2e.jdt.JarLifecycleMapping lifecycle mapping for MavenProject: com.spring:Spring:0.0.1-SNAPSHOT @ D:\ShrikantGitHub\Spring\pom.xml.
2025-01-31 15:02:26,933 [Worker-18: Importing Maven projects] INFO  o.e.m.c.i.l.LifecycleMappingFactory - Using org.eclipse.m2e.jdt.JarLifecycleMapping lifecycle mapping for MavenProject: com.springBoot:SpringBoot:0.0.1-SNAPSHOT @ D:\ShrikantGitHub\SpringBoot\pom.xml.
2025-01-31 15:02:27,133 [Worker-18: Importing Maven projects] INFO  o.e.m.j.i.AbstractJavaProjectConfigurator - Adding source folder /Spring/src/main/java
2025-01-31 15:02:27,133 [Worker-18: Importing Maven projects] INFO  o.e.m.j.i.AbstractJavaProjectConfigurator - Adding source folder /Spring/src/test/java
2025-01-31 15:02:27,161 [Worker-18: Importing Maven projects] INFO  o.e.m.j.i.AbstractJavaProjectConfigurator - Adding source folder /SpringBoot/src/main/java
2025-01-31 15:02:27,161 [Worker-18: Importing Maven projects] INFO  o.e.m.j.i.AbstractJavaProjectConfigurator - Adding resource folder /SpringBoot/src/main/resources
2025-01-31 15:02:27,161 [Worker-18: Importing Maven projects] INFO  o.e.m.j.i.AbstractJavaProjectConfigurator - Adding resource folder /SpringBoot/src/main/resources
2025-01-31 15:02:27,162 [Worker-18: Importing Maven projects] INFO  o.e.m.j.i.AbstractJavaProjectConfigurator - Adding source folder /SpringBoot/src/test/java
2025-01-31 15:02:27,255 [Worker-18: Importing Maven projects] INFO  o.e.m.c.i.p.ProjectConfigurationManager - Imported and configured 2 project(s) in 0 sec
2025-01-31 15:02:27,525 [Worker-11: Building] INFO  o.e.m.c.i.embedder.EclipseLogger - Using 'UTF-8' encoding to copy filtered resources.
2025-01-31 15:02:27,525 [Worker-11: Building] INFO  o.e.m.c.i.embedder.EclipseLogger - skip non existing resourceDirectory D:\ShrikantGitHub\Spring\src\main\resources
2025-01-31 15:02:27,526 [Worker-11: Building] INFO  o.e.m.c.i.embedder.EclipseLogger - Using 'UTF-8' encoding to copy filtered resources.
2025-01-31 15:02:27,526 [Worker-11: Building] INFO  o.e.m.c.i.embedder.EclipseLogger - skip non existing resourceDirectory D:\ShrikantGitHub\Spring\src\test\resources
2025-01-31 15:02:27,737 [Worker-11: Building] INFO  o.a.m.s.f.DefaultMavenResourcesFiltering - Copying 1 resource from src\main\resources to target\classes
2025-01-31 15:02:27,750 [Worker-11: Building] INFO  o.a.m.s.f.DefaultMavenResourcesFiltering - Copying 0 resource from src\main\resources to target\classes
2025-01-31 15:02:27,753 [Worker-11: Building] INFO  o.a.m.s.f.DefaultMavenResourcesFiltering - skip non existing resourceDirectory D:\ShrikantGitHub\SpringBoot\src\test\resources
2025-01-31 15:07:36,693 [Worker-17: Import Getting Started Content] INFO  o.e.m.c.i.l.LifecycleMappingFactory - Using org.eclipse.m2e.jdt.JarLifecycleMapping lifecycle mapping for MavenProject: com.springBatch:SpringBatch:0.0.1-SNAPSHOT @ D:\ShrikantGitHub\SpringBatch\pom.xml.
2025-01-31 15:07:37,020 [Worker-17: Import Getting Started Content] INFO  o.e.m.j.i.AbstractJavaProjectConfigurator - Adding source folder /SpringBatch/src/main/java
2025-01-31 15:07:37,020 [Worker-17: Import Getting Started Content] INFO  o.e.m.j.i.AbstractJavaProjectConfigurator - Adding resource folder /SpringBatch/src/main/resources
2025-01-31 15:07:37,022 [Worker-17: Import Getting Started Content] INFO  o.e.m.j.i.AbstractJavaProjectConfigurator - Adding resource folder /SpringBatch/src/main/resources
2025-01-31 15:07:37,025 [Worker-17: Import Getting Started Content] INFO  o.e.m.j.i.AbstractJavaProjectConfigurator - Adding source folder /SpringBatch/src/test/java
2025-01-31 15:07:37,730 [Worker-17: Import Getting Started Content] INFO  o.e.m.c.i.p.ProjectConfigurationManager - Imported and configured 1 project(s) in 1 sec
2025-01-31 15:07:37,732 [Worker-17: Import Getting Started Content] INFO  o.e.m.c.i.p.ProjectConfigurationManager - Update started
2025-01-31 15:07:37,839 [Worker-17: Import Getting Started Content] INFO  o.e.m.c.i.l.LifecycleMappingFactory - Using org.eclipse.m2e.jdt.JarLifecycleMapping lifecycle mapping for MavenProject: com.springBatch:SpringBatch:0.0.1-SNAPSHOT @ D:\ShrikantGitHub\SpringBatch\pom.xml.
2025-01-31 15:07:37,998 [Worker-17: Import Getting Started Content] INFO  o.e.m.j.i.AbstractJavaProjectConfigurator - Adding source folder /SpringBatch/src/main/java
2025-01-31 15:07:37,998 [Worker-17: Import Getting Started Content] INFO  o.e.m.j.i.AbstractJavaProjectConfigurator - Adding resource folder /SpringBatch/src/main/resources
2025-01-31 15:07:37,998 [Worker-17: Import Getting Started Content] INFO  o.e.m.j.i.AbstractJavaProjectConfigurator - Adding resource folder /SpringBatch/src/main/resources
2025-01-31 15:07:37,998 [Worker-17: Import Getting Started Content] INFO  o.e.m.j.i.AbstractJavaProjectConfigurator - Adding source folder /SpringBatch/src/test/java
2025-01-31 15:07:38,178 [Worker-17: Import Getting Started Content] INFO  o.e.m.c.i.p.ProjectConfigurationManager - Update completed for 1 poms: local refresh takes 0.00 sec, refresh facades takes 0.00 sec, update config takes 0.00 sec 
2025-01-31 15:07:38,453 [Worker-23: Building] INFO  o.a.m.s.f.DefaultMavenResourcesFiltering - Copying 1 resource from src\main\resources to target\classes
2025-01-31 15:07:38,462 [Worker-23: Building] INFO  o.a.m.s.f.DefaultMavenResourcesFiltering - Copying 0 resource from src\main\resources to target\classes
2025-01-31 15:07:38,465 [Worker-23: Building] INFO  o.a.m.s.f.DefaultMavenResourcesFiltering - skip non existing resourceDirectory D:\ShrikantGitHub\SpringBatch\src\test\resources
